This file contains any messages produced by compilers while
running configure, to aid debugging if configure makes a mistake.

It was created by sphinxbase configure 0.8, which was
generated by GNU Autoconf 2.65.  Invocation command line was

  $ ./configure 

## --------- ##
## Platform. ##
## --------- ##

hostname = boyan-N56VB
uname -m = x86_64
uname -r = 4.13.0-38-generic
uname -s = Linux
uname -v = #43~16.04.1-Ubuntu SMP Wed Mar 14 17:48:43 UTC 2018

/usr/bin/uname -p = unknown
/bin/uname -X     = unknown

/bin/arch              = unknown
/usr/bin/arch -k       = unknown
/usr/convex/getsysinfo = unknown
/usr/bin/hostinfo      = unknown
/bin/machine           = unknown
/usr/bin/oslevel       = unknown
/bin/universe          = unknown

PATH: /home/boyan/bin
PATH: /home/boyan/.local/bin
PATH: /usr/local/sbin
PATH: /usr/local/bin
PATH: /usr/sbin
PATH: /usr/bin
PATH: /sbin
PATH: /bin
PATH: /usr/games
PATH: /usr/local/games
PATH: /snap/bin
PATH: /usr/lib/jvm/java-9-oracle/bin
PATH: /usr/lib/jvm/java-9-oracle/db/bin


## ----------- ##
## Core tests. ##
## ----------- ##

configure:2632: checking for a BSD-compatible install
configure:2700: result: /usr/bin/install -c
configure:2711: checking whether build environment is sane
configure:2761: result: yes
configure:2902: checking for a thread-safe mkdir -p
configure:2941: result: /bin/mkdir -p
configure:2954: checking for gawk
configure:2970: found /usr/bin/gawk
configure:2981: result: gawk
configure:2992: checking whether make sets $(MAKE)
configure:3014: result: yes
configure:3093: checking build system type
configure:3107: result: x86_64-unknown-linux-gnu
configure:3127: checking host system type
configure:3140: result: x86_64-unknown-linux-gnu
configure:3187: checking for style of include used by make
configure:3215: result: GNU
configure:3285: checking for gcc
configure:3301: found /usr/bin/gcc
configure:3312: result: gcc
configure:3541: checking for C compiler version
configure:3550: gcc --version >&5
gcc (Ubuntu 5.4.0-6ubuntu1~16.04.9) 5.4.0 20160609
Copyright (C) 2015 Free Software Foundation, Inc.
This is free software; see the source for copying conditions.  There is NO
warranty; not even for MERCHANTABILITY or FITNESS FOR A PARTICULAR PURPOSE.

configure:3561: $? = 0
configure:3550: gcc -v >&5
Using built-in specs.
COLLECT_GCC=gcc
COLLECT_LTO_WRAPPER=/usr/lib/gcc/x86_64-linux-gnu/5/lto-wrapper
Target: x86_64-linux-gnu
Configured with: ../src/configure -v --with-pkgversion='Ubuntu 5.4.0-6ubuntu1~16.04.9' --with-bugurl=file:///usr/share/doc/gcc-5/README.Bugs --enable-languages=c,ada,c++,java,go,d,fortran,objc,obj-c++ --prefix=/usr --program-suffix=-5 --enable-shared --enable-linker-build-id --libexecdir=/usr/lib --without-included-gettext --enable-threads=posix --libdir=/usr/lib --enable-nls --with-sysroot=/ --enable-clocale=gnu --enable-libstdcxx-debug --enable-libstdcxx-time=yes --with-default-libstdcxx-abi=new --enable-gnu-unique-object --disable-vtable-verify --enable-libmpx --enable-plugin --with-system-zlib --disable-browser-plugin --enable-java-awt=gtk --enable-gtk-cairo --with-java-home=/usr/lib/jvm/java-1.5.0-gcj-5-amd64/jre --enable-java-home --with-jvm-root-dir=/usr/lib/jvm/java-1.5.0-gcj-5-amd64 --with-jvm-jar-dir=/usr/lib/jvm-exports/java-1.5.0-gcj-5-amd64 --with-arch-directory=amd64 --with-ecj-jar=/usr/share/java/eclipse-ecj.jar --enable-objc-gc --enable-multiarch --disable-werror --with-arch-32=i686 --with-abi=m64 --with-multilib-list=m32,m64,mx32 --enable-multilib --with-tune=generic --enable-checking=release --build=x86_64-linux-gnu --host=x86_64-linux-gnu --target=x86_64-linux-gnu
Thread model: posix
gcc version 5.4.0 20160609 (Ubuntu 5.4.0-6ubuntu1~16.04.9) 
configure:3561: $? = 0
configure:3550: gcc -V >&5
gcc: error: unrecognized command line option '-V'
gcc: fatal error: no input files
compilation terminated.
configure:3561: $? = 1
configure:3550: gcc -qversion >&5
gcc: error: unrecognized command line option '-qversion'
gcc: fatal error: no input files
compilation terminated.
configure:3561: $? = 1
configure:3581: checking whether the C compiler works
configure:3603: gcc -g -O2 -Wall   conftest.c  >&5
configure:3607: $? = 0
configure:3656: result: yes
configure:3659: checking for C compiler default output file name
configure:3661: result: a.out
configure:3667: checking for suffix of executables
configure:3674: gcc -o conftest -g -O2 -Wall   conftest.c  >&5
configure:3678: $? = 0
configure:3700: result: 
configure:3722: checking whether we are cross compiling
configure:3730: gcc -o conftest -g -O2 -Wall   conftest.c  >&5
configure:3734: $? = 0
configure:3741: ./conftest
configure:3745: $? = 0
configure:3760: result: no
configure:3765: checking for suffix of object files
configure:3787: gcc -c -g -O2 -Wall  conftest.c >&5
configure:3791: $? = 0
configure:3812: result: o
configure:3816: checking whether we are using the GNU C compiler
configure:3835: gcc -c -g -O2 -Wall  conftest.c >&5
configure:3835: $? = 0
configure:3844: result: yes
configure:3853: checking whether gcc accepts -g
configure:3873: gcc -c -g  conftest.c >&5
configure:3873: $? = 0
configure:3914: result: yes
configure:3931: checking for gcc option to accept ISO C89
configure:3995: gcc  -c -g -O2 -Wall  conftest.c >&5
configure:3995: $? = 0
configure:4008: result: none needed
configure:4030: checking dependency style of gcc
configure:4140: result: gcc3
configure:4156: checking for library containing strerror
configure:4187: gcc -o conftest -g -O2 -Wall   conftest.c  >&5
configure:4187: $? = 0
configure:4204: result: none required
configure:4260: checking for gcc
configure:4287: result: gcc
configure:4516: checking for C compiler version
configure:4525: gcc --version >&5
gcc (Ubuntu 5.4.0-6ubuntu1~16.04.9) 5.4.0 20160609
Copyright (C) 2015 Free Software Foundation, Inc.
This is free software; see the source for copying conditions.  There is NO
warranty; not even for MERCHANTABILITY or FITNESS FOR A PARTICULAR PURPOSE.

configure:4536: $? = 0
configure:4525: gcc -v >&5
Using built-in specs.
COLLECT_GCC=gcc
COLLECT_LTO_WRAPPER=/usr/lib/gcc/x86_64-linux-gnu/5/lto-wrapper
Target: x86_64-linux-gnu
Configured with: ../src/configure -v --with-pkgversion='Ubuntu 5.4.0-6ubuntu1~16.04.9' --with-bugurl=file:///usr/share/doc/gcc-5/README.Bugs --enable-languages=c,ada,c++,java,go,d,fortran,objc,obj-c++ --prefix=/usr --program-suffix=-5 --enable-shared --enable-linker-build-id --libexecdir=/usr/lib --without-included-gettext --enable-threads=posix --libdir=/usr/lib --enable-nls --with-sysroot=/ --enable-clocale=gnu --enable-libstdcxx-debug --enable-libstdcxx-time=yes --with-default-libstdcxx-abi=new --enable-gnu-unique-object --disable-vtable-verify --enable-libmpx --enable-plugin --with-system-zlib --disable-browser-plugin --enable-java-awt=gtk --enable-gtk-cairo --with-java-home=/usr/lib/jvm/java-1.5.0-gcj-5-amd64/jre --enable-java-home --with-jvm-root-dir=/usr/lib/jvm/java-1.5.0-gcj-5-amd64 --with-jvm-jar-dir=/usr/lib/jvm-exports/java-1.5.0-gcj-5-amd64 --with-arch-directory=amd64 --with-ecj-jar=/usr/share/java/eclipse-ecj.jar --enable-objc-gc --enable-multiarch --disable-werror --with-arch-32=i686 --with-abi=m64 --with-multilib-list=m32,m64,mx32 --enable-multilib --with-tune=generic --enable-checking=release --build=x86_64-linux-gnu --host=x86_64-linux-gnu --target=x86_64-linux-gnu
Thread model: posix
gcc version 5.4.0 20160609 (Ubuntu 5.4.0-6ubuntu1~16.04.9) 
configure:4536: $? = 0
configure:4525: gcc -V >&5
gcc: error: unrecognized command line option '-V'
gcc: fatal error: no input files
compilation terminated.
configure:4536: $? = 1
configure:4525: gcc -qversion >&5
gcc: error: unrecognized command line option '-qversion'
gcc: fatal error: no input files
compilation terminated.
configure:4536: $? = 1
configure:4540: checking whether we are using the GNU C compiler
configure:4568: result: yes
configure:4577: checking whether gcc accepts -g
configure:4638: result: yes
configure:4655: checking for gcc option to accept ISO C89
configure:4732: result: none needed
configure:4754: checking dependency style of gcc
configure:4864: result: gcc3
configure:4883: checking for gcc option to accept ISO C99
configure:5032: gcc  -c -g -O2 -Wall  conftest.c >&5
conftest.c: In function 'test_varargs':
conftest.c:80:9: warning: variable 'fnumber' set but not used [-Wunused-but-set-variable]
   float fnumber;
         ^
conftest.c:79:7: warning: variable 'number' set but not used [-Wunused-but-set-variable]
   int number;
       ^
conftest.c:78:15: warning: variable 'str' set but not used [-Wunused-but-set-variable]
   const char *str;
               ^
configure:5032: $? = 0
configure:5045: result: none needed
configure:5154: checking for gcc option to accept ISO Standard C
configure:5165: result: none needed
configure:5177: checking for bison
configure:5193: found /usr/bin/bison
configure:5205: result: bison -y
configure:5224: checking how to run the C preprocessor
configure:5255: gcc -E  conftest.c
configure:5255: $? = 0
configure:5269: gcc -E  conftest.c
conftest.c:9:28: fatal error: ac_nonexistent.h: No such file or directory
compilation terminated.
configure:5269: $? = 1
configure: failed program was:
| /* confdefs.h */
| #define PACKAGE_NAME "sphinxbase"
| #define PACKAGE_TARNAME "sphinxbase"
| #define PACKAGE_VERSION "0.8"
| #define PACKAGE_STRING "sphinxbase 0.8"
| #define PACKAGE_BUGREPORT ""
| #define PACKAGE_URL ""
| /* end confdefs.h.  */
| #include <ac_nonexistent.h>
configure:5294: result: gcc -E
configure:5314: gcc -E  conftest.c
configure:5314: $? = 0
configure:5328: gcc -E  conftest.c
conftest.c:9:28: fatal error: ac_nonexistent.h: No such file or directory
compilation terminated.
configure:5328: $? = 1
configure: failed program was:
| /* confdefs.h */
| #define PACKAGE_NAME "sphinxbase"
| #define PACKAGE_TARNAME "sphinxbase"
| #define PACKAGE_VERSION "0.8"
| #define PACKAGE_STRING "sphinxbase 0.8"
| #define PACKAGE_BUGREPORT ""
| #define PACKAGE_URL ""
| /* end confdefs.h.  */
| #include <ac_nonexistent.h>
configure:5357: checking for grep that handles long lines and -e
configure:5415: result: /bin/grep
configure:5420: checking for egrep
configure:5482: result: /bin/grep -E
configure:5487: checking for ANSI C header files
configure:5507: gcc -c -g -O2 -Wall  conftest.c >&5
configure:5507: $? = 0
configure:5580: gcc -o conftest -g -O2 -Wall   conftest.c  >&5
configure:5580: $? = 0
configure:5580: ./conftest
configure:5580: $? = 0
configure:5591: result: yes
configure:5604: checking for sys/types.h
configure:5604: gcc -c -g -O2 -Wall  conftest.c >&5
configure:5604: $? = 0
configure:5604: result: yes
configure:5604: checking for sys/stat.h
configure:5604: gcc -c -g -O2 -Wall  conftest.c >&5
configure:5604: $? = 0
configure:5604: result: yes
configure:5604: checking for stdlib.h
configure:5604: gcc -c -g -O2 -Wall  conftest.c >&5
configure:5604: $? = 0
configure:5604: result: yes
configure:5604: checking for string.h
configure:5604: gcc -c -g -O2 -Wall  conftest.c >&5
configure:5604: $? = 0
configure:5604: result: yes
configure:5604: checking for memory.h
configure:5604: gcc -c -g -O2 -Wall  conftest.c >&5
configure:5604: $? = 0
configure:5604: result: yes
configure:5604: checking for strings.h
configure:5604: gcc -c -g -O2 -Wall  conftest.c >&5
configure:5604: $? = 0
configure:5604: result: yes
configure:5604: checking for inttypes.h
configure:5604: gcc -c -g -O2 -Wall  conftest.c >&5
configure:5604: $? = 0
configure:5604: result: yes
configure:5604: checking for stdint.h
configure:5604: gcc -c -g -O2 -Wall  conftest.c >&5
configure:5604: $? = 0
configure:5604: result: yes
configure:5604: checking for unistd.h
configure:5604: gcc -c -g -O2 -Wall  conftest.c >&5
configure:5604: $? = 0
configure:5604: result: yes
configure:5617: checking whether byte ordering is bigendian
configure:5632: gcc -c -g -O2 -Wall  conftest.c >&5
conftest.c:20:9: error: unknown type name 'not'
         not a universal capable compiler
         ^
conftest.c:20:15: error: expected '=', ',', ';', 'asm' or '__attribute__' before 'universal'
         not a universal capable compiler
               ^
conftest.c:20:15: error: unknown type name 'universal'
configure:5632: $? = 1
configure: failed program was:
| /* confdefs.h */
| #define PACKAGE_NAME "sphinxbase"
| #define PACKAGE_TARNAME "sphinxbase"
| #define PACKAGE_VERSION "0.8"
| #define PACKAGE_STRING "sphinxbase 0.8"
| #define PACKAGE_BUGREPORT ""
| #define PACKAGE_URL ""
| #define STDC_HEADERS 1
| #define HAVE_SYS_TYPES_H 1
| #define HAVE_SYS_STAT_H 1
| #define HAVE_STDLIB_H 1
| #define HAVE_STRING_H 1
| #define HAVE_MEMORY_H 1
| #define HAVE_STRINGS_H 1
| #define HAVE_INTTYPES_H 1
| #define HAVE_STDINT_H 1
| #define HAVE_UNISTD_H 1
| /* end confdefs.h.  */
| #ifndef __APPLE_CC__
| 	       not a universal capable compiler
| 	     #endif
| 	     typedef int dummy;
| 
configure:5677: gcc -c -g -O2 -Wall  conftest.c >&5
configure:5677: $? = 0
configure:5695: gcc -c -g -O2 -Wall  conftest.c >&5
conftest.c: In function 'main':
conftest.c:26:4: error: unknown type name 'not'
    not big endian
    ^
conftest.c:26:12: error: expected '=', ',', ';', 'asm' or '__attribute__' before 'endian'
    not big endian
            ^
configure:5695: $? = 1
configure: failed program was:
| /* confdefs.h */
| #define PACKAGE_NAME "sphinxbase"
| #define PACKAGE_TARNAME "sphinxbase"
| #define PACKAGE_VERSION "0.8"
| #define PACKAGE_STRING "sphinxbase 0.8"
| #define PACKAGE_BUGREPORT ""
| #define PACKAGE_URL ""
| #define STDC_HEADERS 1
| #define HAVE_SYS_TYPES_H 1
| #define HAVE_SYS_STAT_H 1
| #define HAVE_STDLIB_H 1
| #define HAVE_STRING_H 1
| #define HAVE_MEMORY_H 1
| #define HAVE_STRINGS_H 1
| #define HAVE_INTTYPES_H 1
| #define HAVE_STDINT_H 1
| #define HAVE_UNISTD_H 1
| /* end confdefs.h.  */
| #include <sys/types.h>
| 		#include <sys/param.h>
| 
| int
| main ()
| {
| #if BYTE_ORDER != BIG_ENDIAN
| 		 not big endian
| 		#endif
| 
|   ;
|   return 0;
| }
configure:5823: result: no
configure:5841: checking return type of signal handlers
configure:5859: gcc -c -g -O2 -Wall  conftest.c >&5
conftest.c: In function 'main':
conftest.c:25:9: error: void value not ignored as it ought to be
 return *(signal (0, 0)) (0) == 1;
         ^
configure:5859: $? = 1
configure: failed program was:
| /* confdefs.h */
| #define PACKAGE_NAME "sphinxbase"
| #define PACKAGE_TARNAME "sphinxbase"
| #define PACKAGE_VERSION "0.8"
| #define PACKAGE_STRING "sphinxbase 0.8"
| #define PACKAGE_BUGREPORT ""
| #define PACKAGE_URL ""
| #define STDC_HEADERS 1
| #define HAVE_SYS_TYPES_H 1
| #define HAVE_SYS_STAT_H 1
| #define HAVE_STDLIB_H 1
| #define HAVE_STRING_H 1
| #define HAVE_MEMORY_H 1
| #define HAVE_STRINGS_H 1
| #define HAVE_INTTYPES_H 1
| #define HAVE_STDINT_H 1
| #define HAVE_UNISTD_H 1
| /* end confdefs.h.  */
| #include <sys/types.h>
| #include <signal.h>
| 
| int
| main ()
| {
| return *(signal (0, 0)) (0) == 1;
|   ;
|   return 0;
| }
configure:5866: result: void
configure:5874: checking for long long
configure:5874: gcc -c -g -O2 -Wall  conftest.c >&5
configure:5874: $? = 0
configure:5874: gcc -c -g -O2 -Wall  conftest.c >&5
conftest.c: In function 'main':
conftest.c:56:24: error: expected expression before ')' token
 if (sizeof ((long long)))
                        ^
configure:5874: $? = 1
configure: failed program was:
| /* confdefs.h */
| #define PACKAGE_NAME "sphinxbase"
| #define PACKAGE_TARNAME "sphinxbase"
| #define PACKAGE_VERSION "0.8"
| #define PACKAGE_STRING "sphinxbase 0.8"
| #define PACKAGE_BUGREPORT ""
| #define PACKAGE_URL ""
| #define STDC_HEADERS 1
| #define HAVE_SYS_TYPES_H 1
| #define HAVE_SYS_STAT_H 1
| #define HAVE_STDLIB_H 1
| #define HAVE_STRING_H 1
| #define HAVE_MEMORY_H 1
| #define HAVE_STRINGS_H 1
| #define HAVE_INTTYPES_H 1
| #define HAVE_STDINT_H 1
| #define HAVE_UNISTD_H 1
| #define RETSIGTYPE void
| /* end confdefs.h.  */
| #include <stdio.h>
| #ifdef HAVE_SYS_TYPES_H
| # include <sys/types.h>
| #endif
| #ifdef HAVE_SYS_STAT_H
| # include <sys/stat.h>
| #endif
| #ifdef STDC_HEADERS
| # include <stdlib.h>
| # include <stddef.h>
| #else
| # ifdef HAVE_STDLIB_H
| #  include <stdlib.h>
| # endif
| #endif
| #ifdef HAVE_STRING_H
| # if !defined STDC_HEADERS && defined HAVE_MEMORY_H
| #  include <memory.h>
| # endif
| # include <string.h>
| #endif
| #ifdef HAVE_STRINGS_H
| # include <strings.h>
| #endif
| #ifdef HAVE_INTTYPES_H
| # include <inttypes.h>
| #endif
| #ifdef HAVE_STDINT_H
| # include <stdint.h>
| #endif
| #ifdef HAVE_UNISTD_H
| # include <unistd.h>
| #endif
| int
| main ()
| {
| if (sizeof ((long long)))
| 	    return 0;
|   ;
|   return 0;
| }
configure:5874: result: yes
configure:5888: checking size of long long
configure:5893: gcc -o conftest -g -O2 -Wall   conftest.c  >&5
configure:5893: $? = 0
configure:5893: ./conftest
configure:5893: $? = 0
configure:5908: result: 8
configure:5922: checking size of long
configure:5927: gcc -o conftest -g -O2 -Wall   conftest.c  >&5
configure:5927: $? = 0
configure:5927: ./conftest
configure:5927: $? = 0
configure:5942: result: 8
configure:5955: checking for popen
configure:5955: gcc -o conftest -g -O2 -Wall   conftest.c  >&5
configure:5955: $? = 0
configure:5955: result: yes
configure:5955: checking for perror
configure:5955: gcc -o conftest -g -O2 -Wall   conftest.c  >&5
configure:5955: $? = 0
configure:5955: result: yes
configure:5955: checking for snprintf
configure:5955: gcc -o conftest -g -O2 -Wall   conftest.c  >&5
conftest.c:48:6: warning: conflicting types for built-in function 'snprintf'
 char snprintf ();
      ^
configure:5955: $? = 0
configure:5955: result: yes
configure:5965: checking errno.h usability
configure:5965: gcc -c -g -O2 -Wall  conftest.c >&5
configure:5965: $? = 0
configure:5965: result: yes
configure:5965: checking errno.h presence
configure:5965: gcc -E  conftest.c
configure:5965: $? = 0
configure:5965: result: yes
configure:5965: checking for errno.h
configure:5965: result: yes
configure:6011: checking for ld used by GCC
configure:6075: result: /usr/bin/ld
configure:6082: checking if the linker (/usr/bin/ld) is GNU ld
configure:6095: result: yes
configure:6102: checking for shared library run path origin
configure:6115: result: done
configure:6579: checking for iconv
configure:6601: gcc -o conftest -g -O2 -Wall   conftest.c  >&5
configure:6601: $? = 0
configure:6633: result: yes
configure:6654: checking for iconv declaration
configure:6683: gcc -c -g -O2 -Wall  conftest.c >&5
configure:6683: $? = 0
configure:6694: result: install-shextern size_t iconv (iconv_t cd, char * *inbuf, size_t *inbytesleft, char * *outbuf, size_t *outbytesleft);
configure:6718: checking for sgesv_ in -llapack
configure:6743: gcc -o conftest -g -O2 -Wall   conftest.c -llapack   >&5
/usr/bin/ld: cannot find -llapack
collect2: error: ld returned 1 exit status
configure:6743: $? = 1
configure: failed program was:
| /* confdefs.h */
| #define PACKAGE_NAME "sphinxbase"
| #define PACKAGE_TARNAME "sphinxbase"
| #define PACKAGE_VERSION "0.8"
| #define PACKAGE_STRING "sphinxbase 0.8"
| #define PACKAGE_BUGREPORT ""
| #define PACKAGE_URL ""
| #define STDC_HEADERS 1
| #define HAVE_SYS_TYPES_H 1
| #define HAVE_SYS_STAT_H 1
| #define HAVE_STDLIB_H 1
| #define HAVE_STRING_H 1
| #define HAVE_MEMORY_H 1
| #define HAVE_STRINGS_H 1
| #define HAVE_INTTYPES_H 1
| #define HAVE_STDINT_H 1
| #define HAVE_UNISTD_H 1
| #define RETSIGTYPE void
| #define HAVE_LONG_LONG 1
| #define SIZEOF_LONG_LONG 8
| #define SIZEOF_LONG 8
| #define HAVE_POPEN 1
| #define HAVE_PERROR 1
| #define HAVE_SNPRINTF 1
| #define HAVE_ICONV 1
| #define ICONV_CONST 
| /* end confdefs.h.  */
| 
| /* Override any GCC internal prototype to avoid an error.
|    Use char because int might match the return type of a GCC
|    builtin and then its argument prototype would still apply.  */
| #ifdef __cplusplus
| extern "C"
| #endif
| char sgesv_ ();
| int
| main ()
| {
| return sgesv_ ();
|   ;
|   return 0;
| }
configure:6752: result: no
configure:6835: checking for log in -lm
configure:6860: gcc -o conftest -g -O2 -Wall   conftest.c -lm   >&5
conftest.c:36:6: warning: conflicting types for built-in function 'log'
 char log ();
      ^
configure:6860: $? = 0
configure:6869: result: yes
configure:6900: checking pthread.h usability
configure:6900: gcc -c -g -O2 -Wall  conftest.c >&5
configure:6900: $? = 0
configure:6900: result: yes
configure:6900: checking pthread.h presence
configure:6900: gcc -E  conftest.c
configure:6900: $? = 0
configure:6900: result: yes
configure:6900: checking for pthread.h
configure:6900: result: yes
configure:6910: checking for pthread_create in -lpthread
configure:6935: gcc -o conftest -g -O2 -Wall   conftest.c -lpthread  -lm  >&5
configure:6935: $? = 0
configure:6944: result: yes
configure:7031: checking pulse/pulseaudio.h usability
configure:7031: gcc -c -g -O2 -Wall  conftest.c >&5
conftest.c:66:30: fatal error: pulse/pulseaudio.h: No such file or directory
compilation terminated.
configure:7031: $? = 1
configure: failed program was:
| /* confdefs.h */
| #define PACKAGE_NAME "sphinxbase"
| #define PACKAGE_TARNAME "sphinxbase"
| #define PACKAGE_VERSION "0.8"
| #define PACKAGE_STRING "sphinxbase 0.8"
| #define PACKAGE_BUGREPORT ""
| #define PACKAGE_URL ""
| #define STDC_HEADERS 1
| #define HAVE_SYS_TYPES_H 1
| #define HAVE_SYS_STAT_H 1
| #define HAVE_STDLIB_H 1
| #define HAVE_STRING_H 1
| #define HAVE_MEMORY_H 1
| #define HAVE_STRINGS_H 1
| #define HAVE_INTTYPES_H 1
| #define HAVE_STDINT_H 1
| #define HAVE_UNISTD_H 1
| #define RETSIGTYPE void
| #define HAVE_LONG_LONG 1
| #define SIZEOF_LONG_LONG 8
| #define SIZEOF_LONG 8
| #define HAVE_POPEN 1
| #define HAVE_PERROR 1
| #define HAVE_SNPRINTF 1
| #define HAVE_ICONV 1
| #define ICONV_CONST 
| #define WITH_LAPACK /**/
| #define HAVE_LIBM 1
| #define HAVE_PTHREAD_H 1
| #define HAVE_LIBPTHREAD 1
| #define ENABLE_THREADS /**/
| /* end confdefs.h.  */
| #include <stdio.h>
| #ifdef HAVE_SYS_TYPES_H
| # include <sys/types.h>
| #endif
| #ifdef HAVE_SYS_STAT_H
| # include <sys/stat.h>
| #endif
| #ifdef STDC_HEADERS
| # include <stdlib.h>
| # include <stddef.h>
| #else
| # ifdef HAVE_STDLIB_H
| #  include <stdlib.h>
| # endif
| #endif
| #ifdef HAVE_STRING_H
| # if !defined STDC_HEADERS && defined HAVE_MEMORY_H
| #  include <memory.h>
| # endif
| # include <string.h>
| #endif
| #ifdef HAVE_STRINGS_H
| # include <strings.h>
| #endif
| #ifdef HAVE_INTTYPES_H
| # include <inttypes.h>
| #endif
| #ifdef HAVE_STDINT_H
| # include <stdint.h>
| #endif
| #ifdef HAVE_UNISTD_H
| # include <unistd.h>
| #endif
| #include <pulse/pulseaudio.h>
configure:7031: result: no
configure:7031: checking pulse/pulseaudio.h presence
configure:7031: gcc -E  conftest.c
conftest.c:33:30: fatal error: pulse/pulseaudio.h: No such file or directory
compilation terminated.
configure:7031: $? = 1
configure: failed program was:
| /* confdefs.h */
| #define PACKAGE_NAME "sphinxbase"
| #define PACKAGE_TARNAME "sphinxbase"
| #define PACKAGE_VERSION "0.8"
| #define PACKAGE_STRING "sphinxbase 0.8"
| #define PACKAGE_BUGREPORT ""
| #define PACKAGE_URL ""
| #define STDC_HEADERS 1
| #define HAVE_SYS_TYPES_H 1
| #define HAVE_SYS_STAT_H 1
| #define HAVE_STDLIB_H 1
| #define HAVE_STRING_H 1
| #define HAVE_MEMORY_H 1
| #define HAVE_STRINGS_H 1
| #define HAVE_INTTYPES_H 1
| #define HAVE_STDINT_H 1
| #define HAVE_UNISTD_H 1
| #define RETSIGTYPE void
| #define HAVE_LONG_LONG 1
| #define SIZEOF_LONG_LONG 8
| #define SIZEOF_LONG 8
| #define HAVE_POPEN 1
| #define HAVE_PERROR 1
| #define HAVE_SNPRINTF 1
| #define HAVE_ICONV 1
| #define ICONV_CONST 
| #define WITH_LAPACK /**/
| #define HAVE_LIBM 1
| #define HAVE_PTHREAD_H 1
| #define HAVE_LIBPTHREAD 1
| #define ENABLE_THREADS /**/
| /* end confdefs.h.  */
| #include <pulse/pulseaudio.h>
configure:7031: result: no
configure:7031: checking for pulse/pulseaudio.h
configure:7031: result: no
configure:7132: checking jack/jack.h usability
configure:7132: gcc -c -g -O2 -Wall  conftest.c >&5
conftest.c:66:23: fatal error: jack/jack.h: No such file or directory
compilation terminated.
configure:7132: $? = 1
configure: failed program was:
| /* confdefs.h */
| #define PACKAGE_NAME "sphinxbase"
| #define PACKAGE_TARNAME "sphinxbase"
| #define PACKAGE_VERSION "0.8"
| #define PACKAGE_STRING "sphinxbase 0.8"
| #define PACKAGE_BUGREPORT ""
| #define PACKAGE_URL ""
| #define STDC_HEADERS 1
| #define HAVE_SYS_TYPES_H 1
| #define HAVE_SYS_STAT_H 1
| #define HAVE_STDLIB_H 1
| #define HAVE_STRING_H 1
| #define HAVE_MEMORY_H 1
| #define HAVE_STRINGS_H 1
| #define HAVE_INTTYPES_H 1
| #define HAVE_STDINT_H 1
| #define HAVE_UNISTD_H 1
| #define RETSIGTYPE void
| #define HAVE_LONG_LONG 1
| #define SIZEOF_LONG_LONG 8
| #define SIZEOF_LONG 8
| #define HAVE_POPEN 1
| #define HAVE_PERROR 1
| #define HAVE_SNPRINTF 1
| #define HAVE_ICONV 1
| #define ICONV_CONST 
| #define WITH_LAPACK /**/
| #define HAVE_LIBM 1
| #define HAVE_PTHREAD_H 1
| #define HAVE_LIBPTHREAD 1
| #define ENABLE_THREADS /**/
| /* end confdefs.h.  */
| #include <stdio.h>
| #ifdef HAVE_SYS_TYPES_H
| # include <sys/types.h>
| #endif
| #ifdef HAVE_SYS_STAT_H
| # include <sys/stat.h>
| #endif
| #ifdef STDC_HEADERS
| # include <stdlib.h>
| # include <stddef.h>
| #else
| # ifdef HAVE_STDLIB_H
| #  include <stdlib.h>
| # endif
| #endif
| #ifdef HAVE_STRING_H
| # if !defined STDC_HEADERS && defined HAVE_MEMORY_H
| #  include <memory.h>
| # endif
| # include <string.h>
| #endif
| #ifdef HAVE_STRINGS_H
| # include <strings.h>
| #endif
| #ifdef HAVE_INTTYPES_H
| # include <inttypes.h>
| #endif
| #ifdef HAVE_STDINT_H
| # include <stdint.h>
| #endif
| #ifdef HAVE_UNISTD_H
| # include <unistd.h>
| #endif
| #include <jack/jack.h>
configure:7132: result: no
configure:7132: checking jack/jack.h presence
configure:7132: gcc -E  conftest.c
conftest.c:33:23: fatal error: jack/jack.h: No such file or directory
compilation terminated.
configure:7132: $? = 1
configure: failed program was:
| /* confdefs.h */
| #define PACKAGE_NAME "sphinxbase"
| #define PACKAGE_TARNAME "sphinxbase"
| #define PACKAGE_VERSION "0.8"
| #define PACKAGE_STRING "sphinxbase 0.8"
| #define PACKAGE_BUGREPORT ""
| #define PACKAGE_URL ""
| #define STDC_HEADERS 1
| #define HAVE_SYS_TYPES_H 1
| #define HAVE_SYS_STAT_H 1
| #define HAVE_STDLIB_H 1
| #define HAVE_STRING_H 1
| #define HAVE_MEMORY_H 1
| #define HAVE_STRINGS_H 1
| #define HAVE_INTTYPES_H 1
| #define HAVE_STDINT_H 1
| #define HAVE_UNISTD_H 1
| #define RETSIGTYPE void
| #define HAVE_LONG_LONG 1
| #define SIZEOF_LONG_LONG 8
| #define SIZEOF_LONG 8
| #define HAVE_POPEN 1
| #define HAVE_PERROR 1
| #define HAVE_SNPRINTF 1
| #define HAVE_ICONV 1
| #define ICONV_CONST 
| #define WITH_LAPACK /**/
| #define HAVE_LIBM 1
| #define HAVE_PTHREAD_H 1
| #define HAVE_LIBPTHREAD 1
| #define ENABLE_THREADS /**/
| /* end confdefs.h.  */
| #include <jack/jack.h>
configure:7132: result: no
configure:7132: checking for jack/jack.h
configure:7132: result: no
configure:7187: checking alsa/asoundlib.h usability
configure:7187: gcc -c -g -O2 -Wall  conftest.c >&5
configure:7187: $? = 0
configure:7187: result: yes
configure:7187: checking alsa/asoundlib.h presence
configure:7187: gcc -E  conftest.c
configure:7187: $? = 0
configure:7187: result: yes
configure:7187: checking for alsa/asoundlib.h
configure:7187: result: yes
configure:7195: checking for snd_pcm_open in -lasound
configure:7220: gcc -o conftest -g -O2 -Wall   conftest.c -lasound  -lpthread -lm  >&5
configure:7220: $? = 0
configure:7229: result: yes
configure:7308: checking for a sed that does not truncate output
configure:7372: result: /bin/sed
configure:7390: checking for fgrep
configure:7452: result: /bin/grep -F
configure:7487: checking for ld used by gcc
configure:7554: result: /usr/bin/ld
configure:7561: checking if the linker (/usr/bin/ld) is GNU ld
configure:7576: result: yes
configure:7588: checking for BSD- or MS-compatible name lister (nm)
configure:7637: result: /usr/bin/nm -B
configure:7755: checking the name lister (/usr/bin/nm -B) interface
configure:7762: gcc -c -g -O2 -Wall  conftest.c >&5
configure:7765: /usr/bin/nm -B "conftest.o"
configure:7768: output
0000000000000000 B some_variable
configure:7775: result: BSD nm
configure:7778: checking whether ln -s works
configure:7782: result: yes
configure:7790: checking the maximum length of command line arguments
configure:7910: result: 1572864
configure:7927: checking whether the shell understands some XSI constructs
configure:7937: result: yes
configure:7941: checking whether the shell understands "+="
configure:7947: result: yes
configure:7982: checking for /usr/bin/ld option to reload object files
configure:7989: result: -r
configure:8058: checking for objdump
configure:8074: found /usr/bin/objdump
configure:8085: result: objdump
configure:8117: checking how to recognize dependent libraries
configure:8313: result: pass_all
configure:8373: checking for ar
configure:8389: found /usr/bin/ar
configure:8400: result: ar
configure:8478: checking for strip
configure:8494: found /usr/bin/strip
configure:8505: result: strip
configure:8577: checking for ranlib
configure:8593: found /usr/bin/ranlib
configure:8604: result: ranlib
configure:8694: checking command to parse /usr/bin/nm -B output from gcc object
configure:8812: gcc -c -g -O2 -Wall  conftest.c >&5
configure:8815: $? = 0
configure:8819: /usr/bin/nm -B conftest.o \| sed -n -e 's/^.*[	 ]\([ABCDGIRSTW][ABCDGIRSTW]*\)[	 ][	 ]*\([_A-Za-z][_A-Za-z0-9]*\)$/\1 \2 \2/p' \> conftest.nm
configure:8822: $? = 0
configure:8876: gcc -o conftest -g -O2 -Wall   conftest.c conftstm.o >&5
configure:8879: $? = 0
configure:8917: result: ok
configure:9012: gcc -c -g -O2 -Wall  conftest.c >&5
configure:9015: $? = 0
configure:9722: checking for dlfcn.h
configure:9722: gcc -c -g -O2 -Wall  conftest.c >&5
configure:9722: $? = 0
configure:9722: result: yes
configure:9906: checking for objdir
configure:9921: result: .libs
configure:10217: checking if gcc supports -fno-rtti -fno-exceptions
configure:10235: gcc -c -g -O2 -Wall  -fno-rtti -fno-exceptions conftest.c >&5
cc1: warning: command line option '-fno-rtti' is valid for C++/ObjC++ but not for C
configure:10239: $? = 0
configure:10252: result: no
configure:10272: checking for gcc option to produce PIC
configure:10544: result: -fPIC -DPIC
configure:10556: checking if gcc PIC flag -fPIC -DPIC works
configure:10574: gcc -c -g -O2 -Wall  -fPIC -DPIC -DPIC conftest.c >&5
configure:10578: $? = 0
configure:10591: result: yes
configure:10615: checking if gcc static flag -static works
configure:10643: result: no
configure:10658: checking if gcc supports -c -o file.o
configure:10679: gcc -c -g -O2 -Wall  -o out/conftest2.o conftest.c >&5
configure:10683: $? = 0
configure:10705: result: yes
configure:10713: checking if gcc supports -c -o file.o
configure:10760: result: yes
configure:10793: checking whether the gcc linker (/usr/bin/ld -m elf_x86_64) supports shared libraries
configure:11779: result: yes
configure:11816: checking whether -lc should be explicitly linked in
configure:11821: gcc -c -g -O2 -Wall  conftest.c >&5
configure:11824: $? = 0
configure:11839: gcc -shared conftest.o  -v -Wl,-soname -Wl,conftest -o conftest 2\>\&1 \| /bin/grep  -lc  \>/dev/null 2\>\&1
configure:11842: $? = 0
configure:11854: result: no
configure:12018: checking dynamic linker characteristics
configure:12451: gcc -o conftest -g -O2 -Wall   -Wl,-rpath -Wl,/foo conftest.c -lasound -lpthread -lm  >&5
configure:12451: $? = 0
configure:12672: result: GNU/Linux ld.so
configure:12774: checking how to hardcode library paths into programs
configure:12799: result: immediate
configure:13319: checking whether stripping libraries is possible
configure:13324: result: yes
configure:13359: checking if libtool supports shared libraries
configure:13361: result: yes
configure:13364: checking whether to build shared libraries
configure:13385: result: yes
configure:13388: checking whether to build static libraries
configure:13392: result: yes
configure:13430: checking for doxygen
configure:13458: result: no
configure:13500: checking for python
configure:13518: found /usr/bin/python
configure:13531: result: /usr/bin/python
configure:13541: checking for python-config
configure:13559: found /usr/bin/python-config
configure:13572: result: /usr/bin/python-config
configure:13584: checking Python.h usability
configure:13584: gcc -c -g -O2 -Wall  -I/usr/include/python2.7 -I/usr/include/x86_64-linux-gnu/python2.7 conftest.c >&5
configure:13584: $? = 0
configure:13584: result: yes
configure:13584: checking Python.h presence
configure:13584: gcc -E  -I/usr/include/python2.7 -I/usr/include/x86_64-linux-gnu/python2.7 conftest.c
configure:13584: $? = 0
configure:13584: result: yes
configure:13584: checking for Python.h
configure:13584: result: yes
configure:13613: checking for cython
configure:13641: result: no
configure:13661: checking for pkg-config
configure:13677: found /usr/bin/pkg-config
configure:13689: result: yes
configure:13748: checking for pkg-config
configure:13766: found /usr/bin/pkg-config
configure:13778: result: /usr/bin/pkg-config
configure:13803: checking pkg-config is at least version 0.9.0
configure:13806: result: yes
configure:13817: checking for SNDFILE
configure:13825: $PKG_CONFIG --exists --print-errors "sndfile"
Package sndfile was not found in the pkg-config search path.
Perhaps you should add the directory containing `sndfile.pc'
to the PKG_CONFIG_PATH environment variable
No package 'sndfile' found
configure:13828: $? = 1
configure:13843: $PKG_CONFIG --exists --print-errors "sndfile"
Package sndfile was not found in the pkg-config search path.
Perhaps you should add the directory containing `sndfile.pc'
to the PKG_CONFIG_PATH environment variable
No package 'sndfile' found
configure:13846: $? = 1
No package 'sndfile' found
configure:13874: result: no
configure:13888: checking sndfile.h usability
configure:13888: gcc -c -g -O2 -Wall  -I/usr/include/python2.7 -I/usr/include/x86_64-linux-gnu/python2.7 conftest.c >&5
conftest.c:70:21: fatal error: sndfile.h: No such file or directory
compilation terminated.
configure:13888: $? = 1
configure: failed program was:
| /* confdefs.h */
| #define PACKAGE_NAME "sphinxbase"
| #define PACKAGE_TARNAME "sphinxbase"
| #define PACKAGE_VERSION "0.8"
| #define PACKAGE_STRING "sphinxbase 0.8"
| #define PACKAGE_BUGREPORT ""
| #define PACKAGE_URL ""
| #define STDC_HEADERS 1
| #define HAVE_SYS_TYPES_H 1
| #define HAVE_SYS_STAT_H 1
| #define HAVE_STDLIB_H 1
| #define HAVE_STRING_H 1
| #define HAVE_MEMORY_H 1
| #define HAVE_STRINGS_H 1
| #define HAVE_INTTYPES_H 1
| #define HAVE_STDINT_H 1
| #define HAVE_UNISTD_H 1
| #define RETSIGTYPE void
| #define HAVE_LONG_LONG 1
| #define SIZEOF_LONG_LONG 8
| #define SIZEOF_LONG 8
| #define HAVE_POPEN 1
| #define HAVE_PERROR 1
| #define HAVE_SNPRINTF 1
| #define HAVE_ICONV 1
| #define ICONV_CONST 
| #define WITH_LAPACK /**/
| #define HAVE_LIBM 1
| #define HAVE_PTHREAD_H 1
| #define HAVE_LIBPTHREAD 1
| #define ENABLE_THREADS /**/
| #define AD_BACKEND_ALSA /**/
| #define HAVE_LIBASOUND 1
| #define HAVE_DLFCN_H 1
| #define LT_OBJDIR ".libs/"
| /* end confdefs.h.  */
| #include <stdio.h>
| #ifdef HAVE_SYS_TYPES_H
| # include <sys/types.h>
| #endif
| #ifdef HAVE_SYS_STAT_H
| # include <sys/stat.h>
| #endif
| #ifdef STDC_HEADERS
| # include <stdlib.h>
| # include <stddef.h>
| #else
| # ifdef HAVE_STDLIB_H
| #  include <stdlib.h>
| # endif
| #endif
| #ifdef HAVE_STRING_H
| # if !defined STDC_HEADERS && defined HAVE_MEMORY_H
| #  include <memory.h>
| # endif
| # include <string.h>
| #endif
| #ifdef HAVE_STRINGS_H
| # include <strings.h>
| #endif
| #ifdef HAVE_INTTYPES_H
| # include <inttypes.h>
| #endif
| #ifdef HAVE_STDINT_H
| # include <stdint.h>
| #endif
| #ifdef HAVE_UNISTD_H
| # include <unistd.h>
| #endif
| #include <sndfile.h>
configure:13888: result: no
configure:13888: checking sndfile.h presence
configure:13888: gcc -E  -I/usr/include/python2.7 -I/usr/include/x86_64-linux-gnu/python2.7 conftest.c
conftest.c:37:21: fatal error: sndfile.h: No such file or directory
compilation terminated.
configure:13888: $? = 1
configure: failed program was:
| /* confdefs.h */
| #define PACKAGE_NAME "sphinxbase"
| #define PACKAGE_TARNAME "sphinxbase"
| #define PACKAGE_VERSION "0.8"
| #define PACKAGE_STRING "sphinxbase 0.8"
| #define PACKAGE_BUGREPORT ""
| #define PACKAGE_URL ""
| #define STDC_HEADERS 1
| #define HAVE_SYS_TYPES_H 1
| #define HAVE_SYS_STAT_H 1
| #define HAVE_STDLIB_H 1
| #define HAVE_STRING_H 1
| #define HAVE_MEMORY_H 1
| #define HAVE_STRINGS_H 1
| #define HAVE_INTTYPES_H 1
| #define HAVE_STDINT_H 1
| #define HAVE_UNISTD_H 1
| #define RETSIGTYPE void
| #define HAVE_LONG_LONG 1
| #define SIZEOF_LONG_LONG 8
| #define SIZEOF_LONG 8
| #define HAVE_POPEN 1
| #define HAVE_PERROR 1
| #define HAVE_SNPRINTF 1
| #define HAVE_ICONV 1
| #define ICONV_CONST 
| #define WITH_LAPACK /**/
| #define HAVE_LIBM 1
| #define HAVE_PTHREAD_H 1
| #define HAVE_LIBPTHREAD 1
| #define ENABLE_THREADS /**/
| #define AD_BACKEND_ALSA /**/
| #define HAVE_LIBASOUND 1
| #define HAVE_DLFCN_H 1
| #define LT_OBJDIR ".libs/"
| /* end confdefs.h.  */
| #include <sndfile.h>
configure:13888: result: no
configure:13888: checking for sndfile.h
configure:13888: result: no
configure:13900: checking for SAMPLERATE
configure:13908: $PKG_CONFIG --exists --print-errors "samplerate"
Package samplerate was not found in the pkg-config search path.
Perhaps you should add the directory containing `samplerate.pc'
to the PKG_CONFIG_PATH environment variable
No package 'samplerate' found
configure:13911: $? = 1
configure:13926: $PKG_CONFIG --exists --print-errors "samplerate"
Package samplerate was not found in the pkg-config search path.
Perhaps you should add the directory containing `samplerate.pc'
to the PKG_CONFIG_PATH environment variable
No package 'samplerate' found
configure:13929: $? = 1
No package 'samplerate' found
configure:13957: result: no
configure:13971: checking samplerate.h usability
configure:13971: gcc -c -g -O2 -Wall  -I/usr/include/python2.7 -I/usr/include/x86_64-linux-gnu/python2.7 conftest.c >&5
conftest.c:70:24: fatal error: samplerate.h: No such file or directory
compilation terminated.
configure:13971: $? = 1
configure: failed program was:
| /* confdefs.h */
| #define PACKAGE_NAME "sphinxbase"
| #define PACKAGE_TARNAME "sphinxbase"
| #define PACKAGE_VERSION "0.8"
| #define PACKAGE_STRING "sphinxbase 0.8"
| #define PACKAGE_BUGREPORT ""
| #define PACKAGE_URL ""
| #define STDC_HEADERS 1
| #define HAVE_SYS_TYPES_H 1
| #define HAVE_SYS_STAT_H 1
| #define HAVE_STDLIB_H 1
| #define HAVE_STRING_H 1
| #define HAVE_MEMORY_H 1
| #define HAVE_STRINGS_H 1
| #define HAVE_INTTYPES_H 1
| #define HAVE_STDINT_H 1
| #define HAVE_UNISTD_H 1
| #define RETSIGTYPE void
| #define HAVE_LONG_LONG 1
| #define SIZEOF_LONG_LONG 8
| #define SIZEOF_LONG 8
| #define HAVE_POPEN 1
| #define HAVE_PERROR 1
| #define HAVE_SNPRINTF 1
| #define HAVE_ICONV 1
| #define ICONV_CONST 
| #define WITH_LAPACK /**/
| #define HAVE_LIBM 1
| #define HAVE_PTHREAD_H 1
| #define HAVE_LIBPTHREAD 1
| #define ENABLE_THREADS /**/
| #define AD_BACKEND_ALSA /**/
| #define HAVE_LIBASOUND 1
| #define HAVE_DLFCN_H 1
| #define LT_OBJDIR ".libs/"
| /* end confdefs.h.  */
| #include <stdio.h>
| #ifdef HAVE_SYS_TYPES_H
| # include <sys/types.h>
| #endif
| #ifdef HAVE_SYS_STAT_H
| # include <sys/stat.h>
| #endif
| #ifdef STDC_HEADERS
| # include <stdlib.h>
| # include <stddef.h>
| #else
| # ifdef HAVE_STDLIB_H
| #  include <stdlib.h>
| # endif
| #endif
| #ifdef HAVE_STRING_H
| # if !defined STDC_HEADERS && defined HAVE_MEMORY_H
| #  include <memory.h>
| # endif
| # include <string.h>
| #endif
| #ifdef HAVE_STRINGS_H
| # include <strings.h>
| #endif
| #ifdef HAVE_INTTYPES_H
| # include <inttypes.h>
| #endif
| #ifdef HAVE_STDINT_H
| # include <stdint.h>
| #endif
| #ifdef HAVE_UNISTD_H
| # include <unistd.h>
| #endif
| #include <samplerate.h>
configure:13971: result: no
configure:13971: checking samplerate.h presence
configure:13971: gcc -E  -I/usr/include/python2.7 -I/usr/include/x86_64-linux-gnu/python2.7 conftest.c
conftest.c:37:24: fatal error: samplerate.h: No such file or directory
compilation terminated.
configure:13971: $? = 1
configure: failed program was:
| /* confdefs.h */
| #define PACKAGE_NAME "sphinxbase"
| #define PACKAGE_TARNAME "sphinxbase"
| #define PACKAGE_VERSION "0.8"
| #define PACKAGE_STRING "sphinxbase 0.8"
| #define PACKAGE_BUGREPORT ""
| #define PACKAGE_URL ""
| #define STDC_HEADERS 1
| #define HAVE_SYS_TYPES_H 1
| #define HAVE_SYS_STAT_H 1
| #define HAVE_STDLIB_H 1
| #define HAVE_STRING_H 1
| #define HAVE_MEMORY_H 1
| #define HAVE_STRINGS_H 1
| #define HAVE_INTTYPES_H 1
| #define HAVE_STDINT_H 1
| #define HAVE_UNISTD_H 1
| #define RETSIGTYPE void
| #define HAVE_LONG_LONG 1
| #define SIZEOF_LONG_LONG 8
| #define SIZEOF_LONG 8
| #define HAVE_POPEN 1
| #define HAVE_PERROR 1
| #define HAVE_SNPRINTF 1
| #define HAVE_ICONV 1
| #define ICONV_CONST 
| #define WITH_LAPACK /**/
| #define HAVE_LIBM 1
| #define HAVE_PTHREAD_H 1
| #define HAVE_LIBPTHREAD 1
| #define ENABLE_THREADS /**/
| #define AD_BACKEND_ALSA /**/
| #define HAVE_LIBASOUND 1
| #define HAVE_DLFCN_H 1
| #define LT_OBJDIR ".libs/"
| /* end confdefs.h.  */
| #include <samplerate.h>
configure:13971: result: no
configure:13971: checking for samplerate.h
configure:13971: result: no
configure:14140: creating ./config.status

## ---------------------- ##
## Running config.status. ##
## ---------------------- ##

This file was extended by sphinxbase config.status 0.8, which was
generated by GNU Autoconf 2.65.  Invocation command line was

  CONFIG_FILES    = 
  CONFIG_HEADERS  = 
  CONFIG_LINKS    = 
  CONFIG_COMMANDS = 
  $ ./config.status 

on boyan-N56VB

config.status:1147: creating sphinxbase.pc
config.status:1147: creating Makefile
config.status:1147: creating include/Makefile
config.status:1147: creating include/sphinxbase/Makefile
config.status:1147: creating python/Makefile
config.status:1147: creating python/setup.py
config.status:1147: creating src/Makefile
config.status:1147: creating src/libsphinxad/Makefile
config.status:1147: creating src/libsphinxbase/Makefile
config.status:1147: creating src/libsphinxbase/util/Makefile
config.status:1147: creating src/libsphinxbase/feat/Makefile
config.status:1147: creating src/libsphinxbase/fe/Makefile
config.status:1147: creating src/libsphinxbase/lm/Makefile
config.status:1147: creating src/sphinx_fe/Makefile
config.status:1147: creating src/sphinx_cepview/Makefile
config.status:1147: creating src/sphinx_jsgf2fsg/Makefile
config.status:1147: creating src/sphinx_adtools/Makefile
config.status:1147: creating src/sphinx_lmtools/Makefile
config.status:1147: creating doc/Makefile
config.status:1147: creating doc/doxyfile
config.status:1147: creating test/Makefile
config.status:1147: creating test/unit/testfuncs.sh
config.status:1147: creating test/unit/Makefile
config.status:1147: creating test/unit/test_ad/Makefile
config.status:1147: creating test/unit/test_alloc/Makefile
config.status:1147: creating test/unit/test_bitvec/Makefile
config.status:1147: creating test/unit/test_case/Makefile
config.status:1147: creating test/unit/test_string/Makefile
config.status:1147: creating test/unit/test_cmdln/Makefile
config.status:1147: creating test/unit/test_hash/Makefile
config.status:1147: creating test/unit/test_matrix/Makefile
config.status:1147: creating test/unit/test_feat/Makefile
config.status:1147: creating test/unit/test_fe/Makefile
config.status:1147: creating test/unit/test_logmath/Makefile
config.status:1147: creating test/unit/test_lineiter/Makefile
config.status:1147: creating test/unit/test_ngram/Makefile
config.status:1147: creating test/unit/test_fsg/Makefile
config.status:1147: creating test/unit/test_thread/Makefile
config.status:1147: creating test/unit/test_util/Makefile
config.status:1147: creating test/regression/testfuncs.sh
config.status:1147: creating test/regression/Makefile
config.status:1147: creating include/config.h
config.status:1147: creating include/sphinx_config.h
config.status:1367: executing depfiles commands
config.status:1367: executing libtool commands

## ---------------- ##
## Cache variables. ##
## ---------------- ##

ac_cv_build=x86_64-unknown-linux-gnu
ac_cv_c_bigendian=no
ac_cv_c_compiler_gnu=yes
ac_cv_env_CC_set=
ac_cv_env_CC_value=
ac_cv_env_CFLAGS_set=
ac_cv_env_CFLAGS_value=
ac_cv_env_CPPFLAGS_set=
ac_cv_env_CPPFLAGS_value=
ac_cv_env_CPP_set=
ac_cv_env_CPP_value=
ac_cv_env_LDFLAGS_set=
ac_cv_env_LDFLAGS_value=
ac_cv_env_LIBS_set=
ac_cv_env_LIBS_value=
ac_cv_env_PKG_CONFIG_set=
ac_cv_env_PKG_CONFIG_value=
ac_cv_env_SAMPLERATE_CFLAGS_set=
ac_cv_env_SAMPLERATE_CFLAGS_value=
ac_cv_env_SAMPLERATE_LIBS_set=
ac_cv_env_SAMPLERATE_LIBS_value=
ac_cv_env_SNDFILE_CFLAGS_set=
ac_cv_env_SNDFILE_CFLAGS_value=
ac_cv_env_SNDFILE_LIBS_set=
ac_cv_env_SNDFILE_LIBS_value=
ac_cv_env_YACC_set=
ac_cv_env_YACC_value=
ac_cv_env_build_alias_set=
ac_cv_env_build_alias_value=
ac_cv_env_host_alias_set=
ac_cv_env_host_alias_value=
ac_cv_env_target_alias_set=
ac_cv_env_target_alias_value=
ac_cv_func_perror=yes
ac_cv_func_popen=yes
ac_cv_func_snprintf=yes
ac_cv_header_Python_h=yes
ac_cv_header_alsa_asoundlib_h=yes
ac_cv_header_dlfcn_h=yes
ac_cv_header_errno_h=yes
ac_cv_header_inttypes_h=yes
ac_cv_header_jack_jack_h=no
ac_cv_header_memory_h=yes
ac_cv_header_pthread_h=yes
ac_cv_header_pulse_pulseaudio_h=no
ac_cv_header_samplerate_h=no
ac_cv_header_sndfile_h=no
ac_cv_header_stdc=yes
ac_cv_header_stdint_h=yes
ac_cv_header_stdlib_h=yes
ac_cv_header_string_h=yes
ac_cv_header_strings_h=yes
ac_cv_header_sys_stat_h=yes
ac_cv_header_sys_types_h=yes
ac_cv_header_unistd_h=yes
ac_cv_host=x86_64-unknown-linux-gnu
ac_cv_lib_asound_snd_pcm_open=yes
ac_cv_lib_lapack_sgesv_=no
ac_cv_lib_m_log=yes
ac_cv_lib_pthread_pthread_create=yes
ac_cv_objext=o
ac_cv_path_EGREP='/bin/grep -E'
ac_cv_path_FGREP='/bin/grep -F'
ac_cv_path_GREP=/bin/grep
ac_cv_path_PYTHON=/usr/bin/python
ac_cv_path_PYTHON_CONFIG=/usr/bin/python-config
ac_cv_path_SED=/bin/sed
ac_cv_path_ac_pt_PKG_CONFIG=/usr/bin/pkg-config
ac_cv_path_install='/usr/bin/install -c'
ac_cv_path_mkdir=/bin/mkdir
ac_cv_prog_AWK=gawk
ac_cv_prog_CPP='gcc -E'
ac_cv_prog_HAVE_CYTHON=no
ac_cv_prog_HAVE_DOXYGEN=no
ac_cv_prog_HAVE_PKGCONFIG=yes
ac_cv_prog_YACC='bison -y'
ac_cv_prog_ac_ct_AR=ar
ac_cv_prog_ac_ct_CC=gcc
ac_cv_prog_ac_ct_OBJDUMP=objdump
ac_cv_prog_ac_ct_RANLIB=ranlib
ac_cv_prog_ac_ct_STRIP=strip
ac_cv_prog_cc_c89=
ac_cv_prog_cc_c99=
ac_cv_prog_cc_g=yes
ac_cv_prog_cc_stdc=
ac_cv_prog_make_make_set=yes
ac_cv_search_strerror='none required'
ac_cv_sizeof_long=8
ac_cv_sizeof_long_long=8
ac_cv_type_long_long=yes
ac_cv_type_signal=void
acl_cv_hardcode_direct=no
acl_cv_hardcode_libdir_flag_spec='${wl}-rpath ${wl}$libdir'
acl_cv_hardcode_libdir_separator=
acl_cv_hardcode_minus_L=no
acl_cv_libext=a
acl_cv_path_LD=/usr/bin/ld
acl_cv_prog_gnu_ld=yes
acl_cv_rpath=done
acl_cv_shlibext=so
acl_cv_wl=-Wl,
am_cv_CC_dependencies_compiler_type=gcc3
am_cv_func_iconv=yes
am_cv_lib_iconv=no
am_cv_proto_iconv='extern size_t iconv (iconv_t cd, char * *inbuf, size_t *inbytesleft, char * *outbuf, size_t *outbytesleft);'
am_cv_proto_iconv_arg1=
lt_cv_deplibs_check_method=pass_all
lt_cv_file_magic_cmd='$MAGIC_CMD'
lt_cv_file_magic_test_file=
lt_cv_ld_reload_flag=-r
lt_cv_nm_interface='BSD nm'
lt_cv_objdir=.libs
lt_cv_path_LD=/usr/bin/ld
lt_cv_path_NM='/usr/bin/nm -B'
lt_cv_prog_compiler_c_o=yes
lt_cv_prog_compiler_pic_works=yes
lt_cv_prog_compiler_rtti_exceptions=no
lt_cv_prog_compiler_static_works=no
lt_cv_prog_gnu_ld=yes
lt_cv_sys_global_symbol_pipe='sed -n -e '\''s/^.*[	 ]\([ABCDGIRSTW][ABCDGIRSTW]*\)[	 ][	 ]*\([_A-Za-z][_A-Za-z0-9]*\)$/\1 \2 \2/p'\'''
lt_cv_sys_global_symbol_to_c_name_address='sed -n -e '\''s/^: \([^ ]*\) $/  {\"\1\", (void *) 0},/p'\'' -e '\''s/^[ABCDGIRSTW]* \([^ ]*\) \([^ ]*\)$/  {"\2", (void *) \&\2},/p'\'''
lt_cv_sys_global_symbol_to_c_name_address_lib_prefix='sed -n -e '\''s/^: \([^ ]*\) $/  {\"\1\", (void *) 0},/p'\'' -e '\''s/^[ABCDGIRSTW]* \([^ ]*\) \(lib[^ ]*\)$/  {"\2", (void *) \&\2},/p'\'' -e '\''s/^[ABCDGIRSTW]* \([^ ]*\) \([^ ]*\)$/  {"lib\2", (void *) \&\2},/p'\'''
lt_cv_sys_global_symbol_to_cdecl='sed -n -e '\''s/^T .* \(.*\)$/extern int \1();/p'\'' -e '\''s/^[ABCDGIRSTW]* .* \(.*\)$/extern char \1;/p'\'''
lt_cv_sys_max_cmd_len=1572864

## ----------------- ##
## Output variables. ##
## ----------------- ##

ACLOCAL='${SHELL} /home/boyan/Dissertation/dissertation-main/jaspervc/sphinxbase-0.8/missing --run aclocal-1.11'
AMDEPBACKSLASH='\'
AMDEP_FALSE='#'
AMDEP_TRUE=''
AMTAR='${SHELL} /home/boyan/Dissertation/dissertation-main/jaspervc/sphinxbase-0.8/missing --run tar'
AR='ar'
AUTOCONF='${SHELL} /home/boyan/Dissertation/dissertation-main/jaspervc/sphinxbase-0.8/missing --run autoconf'
AUTOHEADER='${SHELL} /home/boyan/Dissertation/dissertation-main/jaspervc/sphinxbase-0.8/missing --run autoheader'
AUTOMAKE='${SHELL} /home/boyan/Dissertation/dissertation-main/jaspervc/sphinxbase-0.8/missing --run automake-1.11'
AWK='gawk'
BUILD_CYTHON_FALSE=''
BUILD_CYTHON_TRUE='#'
BUILD_DOXYGEN_FALSE=''
BUILD_DOXYGEN_TRUE='#'
BUILD_PYTHON_FALSE='#'
BUILD_PYTHON_TRUE=''
CC='gcc'
CCDEPMODE='depmode=gcc3'
CFLAGS='-g -O2 -Wall'
CPP='gcc -E'
CPPFLAGS=' -I/usr/include/python2.7 -I/usr/include/x86_64-linux-gnu/python2.7'
CYGPATH_W='echo'
DEFS='-DHAVE_CONFIG_H'
DEPDIR='.deps'
DSYMUTIL=''
DUMPBIN=''
ECHO_C=''
ECHO_N='-n'
ECHO_T=''
EGREP='/bin/grep -E'
EXEEXT=''
FGREP='/bin/grep -F'
FIXED_POINT_FALSE=''
FIXED_POINT_TRUE='#'
GREP='/bin/grep'
HAVE_CYTHON='no'
HAVE_DOXYGEN='no'
HAVE_PKGCONFIG='yes'
INSTALL_DATA='${INSTALL} -m 644'
INSTALL_PROGRAM='${INSTALL}'
INSTALL_SCRIPT='${INSTALL}'
INSTALL_STRIP_PROGRAM='$(install_sh) -c -s'
LAPACK_LITE_FALSE='#'
LAPACK_LITE_TRUE=''
LD='/usr/bin/ld -m elf_x86_64'
LDFLAGS=''
LIBICONV=''
LIBOBJS=''
LIBS='-lasound -lpthread -lm '
LIBTOOL='$(SHELL) $(top_builddir)/libtool'
LIPO=''
LN_S='ln -s'
LTLIBICONV=''
LTLIBOBJS=''
MAKEINFO='${SHELL} /home/boyan/Dissertation/dissertation-main/jaspervc/sphinxbase-0.8/missing --run makeinfo'
MKDIR_P='/bin/mkdir -p'
NM='/usr/bin/nm -B'
NMEDIT=''
OBJDUMP='objdump'
OBJEXT='o'
OTOOL64=''
OTOOL=''
PACKAGE='sphinxbase'
PACKAGE_BUGREPORT=''
PACKAGE_NAME='sphinxbase'
PACKAGE_STRING='sphinxbase 0.8'
PACKAGE_TARNAME='sphinxbase'
PACKAGE_URL=''
PACKAGE_VERSION='0.8'
PATH_SEPARATOR=':'
PKG_CONFIG='/usr/bin/pkg-config'
PYTHON='/usr/bin/python'
PYTHON_CONFIG='/usr/bin/python-config'
RANLIB='ranlib'
SAMPLERATE_CFLAGS=''
SAMPLERATE_LIBS=''
SED='/bin/sed'
SET_MAKE=''
SHELL='/bin/bash'
SNDFILE_CFLAGS=''
SNDFILE_LIBS=''
STRIP='strip'
USE_LAPACK_FALSE='#'
USE_LAPACK_TRUE=''
USE_THREADS_FALSE='#'
USE_THREADS_TRUE=''
VERSION='0.8'
YACC='bison -y'
ac_ct_CC='gcc'
ac_ct_DUMPBIN=''
ad_backend='AD_BACKEND_ALSA'
ad_files='ad_alsa.lo'
ad_libs=''
am__EXEEXT_FALSE=''
am__EXEEXT_TRUE='#'
am__fastdepCC_FALSE='#'
am__fastdepCC_TRUE=''
am__include='include'
am__isrc=''
am__leading_dot='.'
am__quote=''
am__tar='${AMTAR} chof - "$$tardir"'
am__untar='${AMTAR} xf -'
bindir='${exec_prefix}/bin'
build='x86_64-unknown-linux-gnu'
build_alias=''
build_cpu='x86_64'
build_os='linux-gnu'
build_vendor='unknown'
datadir='${datarootdir}'
datarootdir='${prefix}/share'
docdir='${datarootdir}/doc/${PACKAGE_TARNAME}'
dvidir='${docdir}'
exec_prefix='${prefix}'
host='x86_64-unknown-linux-gnu'
host_alias=''
host_cpu='x86_64'
host_os='linux-gnu'
host_vendor='unknown'
htmldir='${docdir}'
includedir='${prefix}/include'
infodir='${datarootdir}/info'
install_sh='${SHELL} /home/boyan/Dissertation/dissertation-main/jaspervc/sphinxbase-0.8/install-sh'
libdir='${exec_prefix}/lib'
libexecdir='${exec_prefix}/libexec'
localedir='${datarootdir}/locale'
localstatedir='${prefix}/var'
lt_ECHO='echo'
mandir='${datarootdir}/man'
mkdir_p='/bin/mkdir -p'
oldincludedir='/usr/include'
pdfdir='${docdir}'
prefix='/usr/local'
program_transform_name='s,x,x,'
psdir='${docdir}'
sbindir='${exec_prefix}/sbin'
sharedstatedir='${prefix}/com'
sysconfdir='${prefix}/etc'
target_alias=''

## ----------- ##
## confdefs.h. ##
## ----------- ##

/* confdefs.h */
#define PACKAGE_NAME "sphinxbase"
#define PACKAGE_TARNAME "sphinxbase"
#define PACKAGE_VERSION "0.8"
#define PACKAGE_STRING "sphinxbase 0.8"
#define PACKAGE_BUGREPORT ""
#define PACKAGE_URL ""
#define STDC_HEADERS 1
#define HAVE_SYS_TYPES_H 1
#define HAVE_SYS_STAT_H 1
#define HAVE_STDLIB_H 1
#define HAVE_STRING_H 1
#define HAVE_MEMORY_H 1
#define HAVE_STRINGS_H 1
#define HAVE_INTTYPES_H 1
#define HAVE_STDINT_H 1
#define HAVE_UNISTD_H 1
#define RETSIGTYPE void
#define HAVE_LONG_LONG 1
#define SIZEOF_LONG_LONG 8
#define SIZEOF_LONG 8
#define HAVE_POPEN 1
#define HAVE_PERROR 1
#define HAVE_SNPRINTF 1
#define HAVE_ICONV 1
#define ICONV_CONST 
#define WITH_LAPACK /**/
#define HAVE_LIBM 1
#define HAVE_PTHREAD_H 1
#define HAVE_LIBPTHREAD 1
#define ENABLE_THREADS /**/
#define AD_BACKEND_ALSA /**/
#define HAVE_LIBASOUND 1
#define HAVE_DLFCN_H 1
#define LT_OBJDIR ".libs/"

configure: exit 0
